C:\USERS\RICHARD\DESKTOP\DEFENCE_TOWER FUNCIONAL\DEBUG\DEFENCE_TOWER.EXE
C:\USERS\RICHARD\DESKTOP\DEFENCE_TOWER FUNCIONAL\DEBUG\DEFENCE_TOWER.ILK
C:\USERS\RICHARD\DESKTOP\DEFENCE_TOWER FUNCIONAL\DEBUG\DEFENCE_TOWER.PDB
C:\Users\Richard\Desktop\Defence_Tower Funcional\Defence_Tower\Debug\cl.command.1.tlog
C:\Users\Richard\Desktop\Defence_Tower Funcional\Defence_Tower\Debug\CL.read.1.tlog
C:\Users\Richard\Desktop\Defence_Tower Funcional\Defence_Tower\Debug\CL.write.1.tlog
C:\USERS\RICHARD\DESKTOP\DEFENCE_TOWER FUNCIONAL\DEFENCE_TOWER\DEBUG\DEFENCE_TOWER.EXE.EMBED.MANIFEST
C:\USERS\RICHARD\DESKTOP\DEFENCE_TOWER FUNCIONAL\DEFENCE_TOWER\DEBUG\DEFENCE_TOWER.EXE.EMBED.MANIFEST.RES
C:\USERS\RICHARD\DESKTOP\DEFENCE_TOWER FUNCIONAL\DEFENCE_TOWER\DEBUG\DEFENCE_TOWER.EXE.INTERMEDIATE.MANIFEST
C:\Users\Richard\Desktop\Defence_Tower Funcional\Defence_Tower\Debug\Defence_Tower_manifest.rc
C:\USERS\RICHARD\DESKTOP\DEFENCE_TOWER FUNCIONAL\DEFENCE_TOWER\DEBUG\FUNCIONES.OBJ
C:\USERS\RICHARD\DESKTOP\DEFENCE_TOWER FUNCIONAL\DEFENCE_TOWER\DEBUG\GLOBALES.OBJ
C:\Users\Richard\Desktop\Defence_Tower Funcional\Defence_Tower\Debug\link.3708.read.1.tlog
C:\Users\Richard\Desktop\Defence_Tower Funcional\Defence_Tower\Debug\link.3708.write.1.tlog
C:\Users\Richard\Desktop\Defence_Tower Funcional\Defence_Tower\Debug\link.3708-cvtres.read.1.tlog
C:\Users\Richard\Desktop\Defence_Tower Funcional\Defence_Tower\Debug\link.3708-cvtres.write.1.tlog
C:\Users\Richard\Desktop\Defence_Tower Funcional\Defence_Tower\Debug\link.8328.read.1.tlog
C:\Users\Richard\Desktop\Defence_Tower Funcional\Defence_Tower\Debug\link.8328.write.1.tlog
C:\Users\Richard\Desktop\Defence_Tower Funcional\Defence_Tower\Debug\link.8328-cvtres.read.1.tlog
C:\Users\Richard\Desktop\Defence_Tower Funcional\Defence_Tower\Debug\link.8328-cvtres.write.1.tlog
C:\Users\Richard\Desktop\Defence_Tower Funcional\Defence_Tower\Debug\link.command.1.tlog
C:\Users\Richard\Desktop\Defence_Tower Funcional\Defence_Tower\Debug\link.read.1.tlog
C:\Users\Richard\Desktop\Defence_Tower Funcional\Defence_Tower\Debug\link.write.1.tlog
C:\Users\Richard\Desktop\Defence_Tower Funcional\Defence_Tower\Debug\link-cvtres.read.1.tlog
C:\Users\Richard\Desktop\Defence_Tower Funcional\Defence_Tower\Debug\link-cvtres.write.1.tlog
C:\USERS\RICHARD\DESKTOP\DEFENCE_TOWER FUNCIONAL\DEFENCE_TOWER\DEBUG\MAIN.OBJ
C:\Users\Richard\Desktop\Defence_Tower Funcional\Defence_Tower\Debug\mt.command.1.tlog
C:\Users\Richard\Desktop\Defence_Tower Funcional\Defence_Tower\Debug\mt.read.1.tlog
C:\Users\Richard\Desktop\Defence_Tower Funcional\Defence_Tower\Debug\mt.write.1.tlog
C:\Users\Richard\Desktop\Defence_Tower Funcional\Defence_Tower\Debug\rc.command.1.tlog
C:\Users\Richard\Desktop\Defence_Tower Funcional\Defence_Tower\Debug\rc.read.1.tlog
C:\Users\Richard\Desktop\Defence_Tower Funcional\Defence_Tower\Debug\rc.write.1.tlog
C:\Users\Richard\Desktop\Defence_Tower Funcional\Defence_Tower\Debug\vc100.idb
C:\USERS\RICHARD\DESKTOP\DEFENCE_TOWER FUNCIONAL\DEFENCE_TOWER\DEBUG\VC100.PDB
