Build started 12/8/2011 5:18:44 PM.
     1>Project "C:\Users\Richard\Desktop\Defence_Tower Funcional\Defence_Tower\Defence_Tower.vcxproj" on node 2 (build target(s)).
     1>InitializeBuildStatus:
         Creating "Debug\Defence_Tower.unsuccessfulbuild" because "AlwaysCreate" was specified.
       ClCompile:
         c:\Program Files (x86)\Microsoft Visual Studio 10.0\VC\bin\CL.exe /c /ZI /nologo /W3 /WX- /Od /Oy- /D WIN32 /D _DEBUG /D _CONSOLE /D _UNICODE /D UNICODE /Gm /EHsc /RTC1 /MDd /GS /fp:precise /Zc:wchar_t /Zc:forScope /Fo"Debug\\" /Fd"Debug\vc100.pdb" /Gd /TP /analyze- /errorReport:prompt Funciones.cpp
         Funciones.cpp
     1>c:\users\richard\desktop\defence_tower funcional\defence_tower\funciones.cpp(31): warning C4996: 'sprintf': This function or variable may be unsafe. Consider using sprintf_s instead. To disable deprecation, use _CRT_SECURE_NO_WARNINGS. See online help for details.
                 c:\program files (x86)\microsoft visual studio 10.0\vc\include\stdio.h(371) : see declaration of 'sprintf'
     1>c:\users\richard\desktop\defence_tower funcional\defence_tower\funciones.cpp(32): warning C4996: 'sprintf': This function or variable may be unsafe. Consider using sprintf_s instead. To disable deprecation, use _CRT_SECURE_NO_WARNINGS. See online help for details.
                 c:\program files (x86)\microsoft visual studio 10.0\vc\include\stdio.h(371) : see declaration of 'sprintf'
     1>c:\users\richard\desktop\defence_tower funcional\defence_tower\funciones.cpp(561): warning C4101: 'k' : unreferenced local variable
     1>c:\users\richard\desktop\defence_tower funcional\defence_tower\funciones.cpp(674): warning C4996: 'strcpy': This function or variable may be unsafe. Consider using strcpy_s instead. To disable deprecation, use _CRT_SECURE_NO_WARNINGS. See online help for details.
                 c:\program files (x86)\microsoft visual studio 10.0\vc\include\string.h(105) : see declaration of 'strcpy'
     1>c:\users\richard\desktop\defence_tower funcional\defence_tower\funciones.cpp(680): warning C4996: 'strcpy': This function or variable may be unsafe. Consider using strcpy_s instead. To disable deprecation, use _CRT_SECURE_NO_WARNINGS. See online help for details.
                 c:\program files (x86)\microsoft visual studio 10.0\vc\include\string.h(105) : see declaration of 'strcpy'
     1>c:\users\richard\desktop\defence_tower funcional\defence_tower\funciones.cpp(690): warning C4996: 'strcpy': This function or variable may be unsafe. Consider using strcpy_s instead. To disable deprecation, use _CRT_SECURE_NO_WARNINGS. See online help for details.
                 c:\program files (x86)\microsoft visual studio 10.0\vc\include\string.h(105) : see declaration of 'strcpy'
       ManifestResourceCompile:
         All outputs are up-to-date.
       Link:
         c:\Program Files (x86)\Microsoft Visual Studio 10.0\VC\bin\link.exe /ERRORREPORT:PROMPT /OUT:"C:\Users\Richard\Desktop\Defence_Tower Funcional\Debug\Defence_Tower.exe" /INCREMENTAL /NOLOGO alld.lib kernel32.lib user32.lib gdi32.lib winspool.lib comdlg32.lib advapi32.lib shell32.lib ole32.lib oleaut32.lib uuid.lib odbc32.lib odbccp32.lib /MANIFEST /ManifestFile:"Debug\Defence_Tower.exe.intermediate.manifest" /MANIFESTUAC:"level='asInvoker' uiAccess='false'" /DEBUG /PDB:"C:\Users\Richard\Desktop\Defence_Tower Funcional\Debug\Defence_Tower.pdb" /SUBSYSTEM:WINDOWS /TLBID:1 /DYNAMICBASE /NXCOMPAT /IMPLIB:"C:\Users\Richard\Desktop\Defence_Tower Funcional\Debug\Defence_Tower.lib" /MACHINE:X86 Debug\Defence_Tower.exe.embed.manifest.res
         Debug\Funciones.obj
         Debug\Globales.obj
         Debug\Main.obj
       Manifest:
         c:\Program Files (x86)\Microsoft SDKs\Windows\v7.0A\bin\mt.exe /nologo /verbose /out:"Debug\Defence_Tower.exe.embed.manifest" /manifest Debug\Defence_Tower.exe.intermediate.manifest
         All outputs are up-to-date.
       LinkEmbedManifest:
         All outputs are up-to-date.
         Defence_Tower.vcxproj -> C:\Users\Richard\Desktop\Defence_Tower Funcional\Debug\Defence_Tower.exe
       FinalizeBuildStatus:
         Deleting file "Debug\Defence_Tower.unsuccessfulbuild".
         Touching "Debug\Defence_Tower.lastbuildstate".
     1>Done Building Project "C:\Users\Richard\Desktop\Defence_Tower Funcional\Defence_Tower\Defence_Tower.vcxproj" (build target(s)).

Build succeeded.

Time Elapsed 00:00:04.16
